<?xml version="1.0" encoding="UTF-8"?>
<!-- Generated by org.testng.reporters.JUnitReportReporter -->
<testsuite skipped="0" hostname="Ameyas-MBP" name="edu.ipl.techmanagement.TestNGTestExample" tests="1" failures="0" timestamp="2020-12-10T15:22:29 IST" time="0.013" errors="0">
  <testcase name="test1" time="0.013" classname="edu.ipl.techmanagement.TestNGTestExample"/>
  <system-out/>
</testsuite> <!-- edu.ipl.techmanagement.TestNGTestExample -->
