<?xml version="1.0" encoding="UTF-8"?>
<!-- Generated by org.testng.reporters.JUnitReportReporter -->
<testsuite skipped="0" hostname="Ameyas-MBP" name="edu.ipl.techmanagement.AppTest" tests="1" failures="0" timestamp="2020-12-10T15:22:30 IST" time="0.003" errors="0">
  <testcase name="testApp" time="0.003" classname="edu.ipl.techmanagement.AppTest"/>
  <system-out/>
</testsuite> <!-- edu.ipl.techmanagement.AppTest -->
